{
  "RSpec": {
    "coverage": {
      "/home/gui-pc/Desktop/THP_Next/Projet_2/meet_my_class/app/models/attendance.rb": [
        null,
        null,
        null,
        null,
        null,
        null,
        null,
        null,
        null,
        null,
        null,
        null,
        null,
        null,
        null,
        null,
        null,
        null,
        null,
        null,
        1,
        1,
        1,
        null
      ],
      "/home/gui-pc/Desktop/THP_Next/Projet_2/meet_my_class/app/models/klass.rb": [
        null,
        null,
        null,
        null,
        null,
        null,
        null,
        null,
        null,
        null,
        null,
        null,
        null,
        null,
        null,
        null,
        null,
        null,
        null,
        null,
        null,
        null,
        1,
        1,
        1,
        1,
        1,
        null
      ],
      "/home/gui-pc/Desktop/THP_Next/Projet_2/meet_my_class/app/models/progression.rb": [
        null,
        null,
        null,
        null,
        null,
        null,
        null,
        null,
        null,
        null,
        null,
        null,
        null,
        null,
        null,
        null,
        null,
        null,
        null,
        1,
        null
      ],
      "/home/gui-pc/Desktop/THP_Next/Projet_2/meet_my_class/app/models/question.rb": [
        null,
        null,
        null,
        null,
        null,
        null,
        null,
        null,
        null,
        null,
        null,
        null,
        1,
        1,
        1,
        1,
        null
      ],
      "/home/gui-pc/Desktop/THP_Next/Projet_2/meet_my_class/app/models/step.rb": [
        null,
        null,
        null,
        null,
        null,
        null,
        null,
        null,
        null,
        null,
        null,
        null,
        null,
        null,
        null,
        null,
        null,
        1,
        1,
        null,
        1,
        1,
        null,
        1,
        null
      ],
      "/home/gui-pc/Desktop/THP_Next/Projet_2/meet_my_class/app/models/upvote.rb": [
        null,
        null,
        null,
        null,
        null,
        null,
        null,
        null,
        null,
        null,
        null,
        null,
        1,
        null
      ]
    },
    "timestamp": 1558457498
  }
}
